<?xml version="1.0" encoding="UTF-8"?>
<!-- Generated by org.testng.reporters.JUnitReportReporter -->
<testsuite hostname="HARVI" failures="0" tests="1" name="testCases.TC001_accountRegistration_Test" time="2.465" errors="0" timestamp="2025-03-12T14:04:54 IST" skipped="0">
  <testcase classname="testCases.TC001_accountRegistration_Test" name="verify_account_registration" time="2.465"/>
</testsuite> <!-- testCases.TC001_accountRegistration_Test -->
