<?xml version="1.0" encoding="UTF-8"?>
<!-- Generated by org.testng.reporters.JUnitReportReporter -->
<testsuite hostname="HARVI" failures="0" tests="1" name="testCases.TC002_LoginTest" time="1.646" errors="0" timestamp="2025-03-12T17:36:41 IST" skipped="0">
  <testcase classname="testCases.TC002_LoginTest" name="verify_Login" time="1.646"/>
</testsuite> <!-- testCases.TC002_LoginTest -->
